<?xml version="1.0" encoding="UTF-8"?>
<!-- Generated by org.testng.reporters.JUnitReportReporter -->
<testsuite hostname="DESKTOP-F50PJC7" failures="0" tests="3" name="com.testng.group1" time="0.030" errors="0" timestamp="2025-07-20T20:27:29 IST" skipped="0">
  <testcase classname="com.testng.group1" name="test1" time="0.019"/>
  <testcase classname="com.testng.group1" name="test2" time="0.004"/>
  <testcase classname="com.testng.group1" name="test3" time="0.007"/>
</testsuite> <!-- com.testng.group1 -->
