<?xml version="1.0" encoding="UTF-8"?>
<!-- Generated by org.testng.reporters.JUnitReportReporter -->
<testsuite hostname="DESKTOP-F50PJC7" failures="0" tests="1" name="com.annotations.annotations" time="0.019" errors="0" timestamp="2025-07-19T23:32:48 IST" skipped="0">
  <testcase classname="com.annotations.annotations" name="test1" time="0.019"/>
</testsuite> <!-- com.annotations.annotations -->
