<?xml version="1.0" encoding="UTF-8"?>
<!-- Generated by org.testng.reporters.JUnitReportReporter -->
<testsuite hostname="DESKTOP-F50PJC7" failures="0" tests="3" name="com.testng.group2" time="0.013" errors="0" timestamp="2025-07-20T00:46:31 IST" skipped="0">
  <testcase classname="com.testng.group2" name="test4" time="0.003"/>
  <testcase classname="com.testng.group2" name="test5" time="0.007"/>
  <testcase classname="com.testng.group2" name="test6" time="0.003"/>
</testsuite> <!-- com.testng.group2 -->
