<?xml version="1.0" encoding="UTF-8"?>
<!-- Generated by org.testng.reporters.JUnitReportReporter -->
<testsuite hostname="DESKTOP-F50PJC7" failures="0" tests="3" name="com.Priority.PriorityTest" time="0.034" errors="0" timestamp="2025-07-19T23:35:25 IST" skipped="0">
  <testcase classname="com.Priority.PriorityTest" name="test1" time="0.018"/>
  <testcase classname="com.Priority.PriorityTest" name="test3" time="0.005"/>
  <testcase classname="com.Priority.PriorityTest" name="test2" time="0.011"/>
</testsuite> <!-- com.Priority.PriorityTest -->
