<?xml version="1.0" encoding="UTF-8"?>
<!-- Generated by org.testng.reporters.JUnitReportReporter -->
<testsuite hostname="DESKTOP-F50PJC7" failures="0" tests="3" name="com.testng.test1" time="0.029" errors="0" timestamp="2025-07-20T00:34:36 IST" skipped="0">
  <testcase classname="com.testng.test1" name="test2" time="0.016"/>
  <testcase classname="com.testng.test1" name="testone" time="0.009"/>
  <testcase classname="com.testng.test1" name="test3" time="0.004"/>
</testsuite> <!-- com.testng.test1 -->
