<?xml version="1.0" encoding="UTF-8"?>
<!-- Generated by org.testng.reporters.JUnitReportReporter -->
<testsuite hostname="DESKTOP-F50PJC7" failures="0" tests="3" name="com.testng.test2" time="0.017" errors="0" timestamp="2025-07-19T23:46:10 IST" skipped="0">
  <testcase classname="com.testng.test2" name="test5" time="0.009"/>
  <testcase classname="com.testng.test2" name="test6" time="0.003"/>
  <testcase classname="com.testng.test2" name="test4" time="0.005"/>
</testsuite> <!-- com.testng.test2 -->
