<?xml version="1.0" encoding="UTF-8"?>
<!-- Generated by org.testng.reporters.JUnitReportReporter -->
<testsuite hostname="DESKTOP-F50PJC7" failures="0" tests="3" name="com.testng.group2" time="0.044" errors="0" timestamp="2025-07-20T20:27:29 IST" skipped="0">
  <testcase classname="com.testng.group2" name="test4" time="0.011"/>
  <testcase classname="com.testng.group2" name="test5" time="0.027"/>
  <testcase classname="com.testng.group2" name="test6" time="0.006"/>
</testsuite> <!-- com.testng.group2 -->
