<?xml version="1.0" encoding="UTF-8"?>
<!-- Generated by org.testng.reporters.JUnitReportReporter -->
<testsuite hostname="DESKTOP-F50PJC7" failures="0" tests="3" name="com.testng.group1" time="0.031" errors="0" timestamp="2025-07-20T00:46:31 IST" skipped="0">
  <testcase classname="com.testng.group1" name="test1" time="0.018"/>
  <testcase classname="com.testng.group1" name="test2" time="0.008"/>
  <testcase classname="com.testng.group1" name="test3" time="0.005"/>
</testsuite> <!-- com.testng.group1 -->
